VirtualBox COM Server 5.2.20 r125813 win.amd64 (Oct 15 2018 15:10:47) release log
00:00:00.005984 main     Log opened 2018-10-24T21:19:23.666180900Z
00:00:00.005984 main     Build Type: release
00:00:00.005984 main     OS Product: Windows 10
00:00:00.005984 main     OS Release: 10.0.17134
00:00:00.005984 main     OS Service Pack: 
00:00:00.020944 main     DMI Product Name: XPS 15 9570
00:00:00.028968 main     DMI Product Version: 
00:00:00.028968 main     Host RAM: 16117MB (15.7GB) total, 8105MB (7.9GB) available
00:00:00.028968 main     Executable: C:\Program Files\Oracle\VirtualBox\VBoxSVC.exe
00:00:00.028968 main     Process ID: 19576
00:00:00.028968 main     Package type: WINDOWS_64BITS_GENERIC
00:00:00.031915          VirtualBox: object creation starts
00:00:00.031915          Home directory: 'C:\Users\Obeng\.VirtualBox'
00:00:00.031915          Installed Drivers:
00:00:00.035903            C:\WINDOWS\system32\DRIVERS\VBoxNetLwf.sys (Version: 5.2.20.25813)
00:00:00.037898            C:\WINDOWS\system32\DRIVERS\VBoxUSBMon.sys (Version: 5.2.20.25813)
00:00:00.038936            C:\WINDOWS\system32\DRIVERS\VBoxDrv.sys (Version: 5.2.20.25813)
00:00:00.040922            C:\WINDOWS\system32\DRIVERS\VBoxNetAdp6.sys (Version: 5.2.20.25813)
00:00:00.050867          Loading settings file "C:\Users\Obeng\.VirtualBox\VirtualBox.xml" with version "1.12-windows"
00:00:00.055850          Getting USB descriptor failed with error 31
00:00:00.055850          Getting USB descriptor failed with error 31
00:00:00.055850          Getting USB descriptor failed with error 31
00:00:00.056848          USB: Unknown USB device detected (idVendor: 0x0c45, idProduct: 0x671d)
00:00:00.056848          USB: Unknown USB device detected (idVendor: 0x0cf3, idProduct: 0xe301)
00:00:00.056848          USB: Unknown USB device detected (idVendor: 0x27c6, idProduct: 0x5395)
00:00:00.130650          netIfIsWireless: CreateFile on '\\.\{654DB23C-B9F5-4CFE-800A-DB1C0D6EEFB3}' failed with rcWin=2 (0x2) - ignoring
00:00:00.141653          HostDnsMonitor: old information
00:00:00.141653            no server entries
00:00:00.141653            no domain set
00:00:00.141653            no search string entries
00:00:00.141653          HostDnsMonitor: new information
00:00:00.141653            server 1: 192.168.1.1
00:00:00.141653            no domain set
00:00:00.141653            no search string entries
00:00:00.141653          HostDnsMonitorProxy::notify
00:00:00.188496          VD: VDInit finished with VINF_SUCCESS
00:00:00.193516          Loading settings file "C:\Users\Obeng\VirtualBox VMs\ubuntu linux\ubuntu linux.vbox" with version "1.16-windows"
00:00:00.195476          VirtualBox: object created
00:00:01.184833          Saving settings file "C:\Users\Obeng\.VirtualBox\VirtualBox.xml" with version "1.12-windows"
00:00:01.192833          Saving settings file "C:\Users\Obeng\.VirtualBox\VirtualBox.xml" with version "1.12-windows"
00:00:04.187676          Saving settings file "C:\Users\Obeng\.VirtualBox\VirtualBox.xml" with version "1.12-windows"
00:00:04.192663          Saving settings file "C:\Users\Obeng\.VirtualBox\VirtualBox.xml" with version "1.12-windows"
00:00:09.710963 main     VirtualBox: object deletion starts
00:00:09.710963 main     ERROR [COM]: aRC=VBOX_E_OBJECT_IN_USE (0x80bb000c) aIID={4afe423b-43e0-e9d0-82e8-ceb307940dda} aComponent={MediumWrap} aText={Medium 'C:\Users\Obeng\VirtualBox VMs\ubuntu linux\ubuntu linux.vdi' cannot be closed because it is still attached to 1 virtual machines}, preserve=false aResultDetail=0
00:00:09.715950 Watcher  ERROR [COM]: aRC=E_ACCESSDENIED (0x80070005) aIID={9570b9d5-f1a1-448a-10c5-e12f5285adad} aComponent={VirtualBoxWrap} aText={The object is not ready}, preserve=false aResultDetail=0
00:00:09.715950 main     VirtualBox: object deleted
